<?xml version="1.0" encoding="UTF-8"?>
<!-- Generated by org.testng.reporters.JUnitXMLReporter -->
<testsuite ignored="0" hostname="DESKTOP-SODBL1A" failures="0" tests="5" name="Test" time="0.012" errors="0" timestamp="2023-04-28T21:41:12 EDT">
  <testcase classname="test.basic1" name="testCase1" time="0.001"/>
  <testcase classname="test.basic1" name="testCase2" time="0.001"/>
  <testcase classname="test.basic2" name="Demo" time="0.002"/>
  <testcase classname="test.basic2" name="Demo2" time="0.001"/>
  <testcase classname="test.basic2" name="Demo3" time="0.0"/>
</testsuite> <!-- Test -->
