<?xml version="1.0" encoding="UTF-8"?>
<testng-results ignored="0" total="9" passed="9" failed="0" skipped="0">
  <reporter-output>
  </reporter-output>
  <suite started-at="2023-04-28T21:09:03 EDT" name="Suite" finished-at="2023-04-28T21:09:03 EDT" duration-ms="81">
    <groups>
    </groups>
    <test started-at="2023-04-28T21:09:03 EDT" name="Web" finished-at="2023-04-28T21:09:03 EDT" duration-ms="16">
      <class name="test.basic3">
        <test-method is-config="true" signature="prerequesite()[pri:0, instance:test.basic3@272ed83b]" started-at="2023-04-28T21:09:03 EDT" name="prerequesite" finished-at="2023-04-28T21:09:03 EDT" duration-ms="0" status="PASS">
          <reporter-output>
          </reporter-output>
        </test-method> <!-- prerequesite -->
        <test-method signature="testcase1()[pri:0, instance:test.basic3@272ed83b]" started-at="2023-04-28T21:09:03 EDT" name="testcase1" finished-at="2023-04-28T21:09:03 EDT" duration-ms="3" status="PASS">
          <reporter-output>
          </reporter-output>
        </test-method> <!-- testcase1 -->
        <test-method is-config="true" signature="SoftwareLogin()[pri:0, instance:test.basic3@272ed83b]" started-at="2023-04-28T21:09:03 EDT" name="SoftwareLogin" finished-at="2023-04-28T21:09:03 EDT" duration-ms="0" status="PASS">
          <reporter-output>
          </reporter-output>
        </test-method> <!-- SoftwareLogin -->
      </class> <!-- test.basic3 -->
    </test> <!-- Web -->
    <test started-at="2023-04-28T21:09:03 EDT" name="Test" finished-at="2023-04-28T21:09:03 EDT" duration-ms="10">
      <class name="test.basic2">
        <test-method signature="Demo()[pri:0, instance:test.basic2@5403f35f]" started-at="2023-04-28T21:09:03 EDT" name="Demo" finished-at="2023-04-28T21:09:03 EDT" duration-ms="2" status="PASS">
          <reporter-output>
          </reporter-output>
        </test-method> <!-- Demo -->
        <test-method is-config="true" signature="method()[pri:0, instance:test.basic2@5403f35f]" started-at="2023-04-28T21:09:03 EDT" name="method" finished-at="2023-04-28T21:09:03 EDT" duration-ms="0" status="PASS">
          <reporter-output>
          </reporter-output>
        </test-method> <!-- method -->
        <test-method is-config="true" signature="method()[pri:0, instance:test.basic2@5403f35f]" started-at="2023-04-28T21:09:03 EDT" name="method" finished-at="2023-04-28T21:09:03 EDT" duration-ms="1" status="PASS">
          <reporter-output>
          </reporter-output>
        </test-method> <!-- method -->
        <test-method signature="Demo2()[pri:0, instance:test.basic2@5403f35f]" started-at="2023-04-28T21:09:03 EDT" name="Demo2" finished-at="2023-04-28T21:09:03 EDT" duration-ms="0" status="PASS">
          <reporter-output>
          </reporter-output>
        </test-method> <!-- Demo2 -->
        <test-method signature="Demo3()[pri:0, instance:test.basic2@5403f35f]" started-at="2023-04-28T21:09:03 EDT" name="Demo3" finished-at="2023-04-28T21:09:03 EDT" duration-ms="0" status="PASS">
          <reporter-output>
          </reporter-output>
        </test-method> <!-- Demo3 -->
        <test-method is-config="true" signature="method()[pri:0, instance:test.basic2@5403f35f]" started-at="2023-04-28T21:09:03 EDT" name="method" finished-at="2023-04-28T21:09:03 EDT" duration-ms="0" status="PASS">
          <reporter-output>
          </reporter-output>
        </test-method> <!-- method -->
      </class> <!-- test.basic2 -->
      <class name="test.basic1">
        <test-method signature="testCase1()[pri:0, instance:test.basic1@429bffaa]" started-at="2023-04-28T21:09:03 EDT" name="testCase1" finished-at="2023-04-28T21:09:03 EDT" duration-ms="1" status="PASS">
          <reporter-output>
          </reporter-output>
        </test-method> <!-- testCase1 -->
        <test-method is-config="true" signature="testCase3()[pri:0, instance:test.basic1@429bffaa]" started-at="2023-04-28T21:09:03 EDT" name="testCase3" finished-at="2023-04-28T21:09:03 EDT" duration-ms="0" status="PASS">
          <reporter-output>
          </reporter-output>
        </test-method> <!-- testCase3 -->
        <test-method signature="testCase2()[pri:0, instance:test.basic1@429bffaa]" started-at="2023-04-28T21:09:03 EDT" name="testCase2" finished-at="2023-04-28T21:09:03 EDT" duration-ms="0" status="PASS">
          <reporter-output>
          </reporter-output>
        </test-method> <!-- testCase2 -->
        <test-method is-config="true" signature="testCase3()[pri:0, instance:test.basic1@429bffaa]" started-at="2023-04-28T21:09:03 EDT" name="testCase3" finished-at="2023-04-28T21:09:03 EDT" duration-ms="0" status="PASS">
          <reporter-output>
          </reporter-output>
        </test-method> <!-- testCase3 -->
      </class> <!-- test.basic1 -->
    </test> <!-- Test -->
    <test started-at="2023-04-28T21:09:03 EDT" name="Game" finished-at="2023-04-28T21:09:03 EDT" duration-ms="7">
      <class name="test.basic4">
        <test-method is-config="true" signature="beforeSuite()[pri:0, instance:test.basic4@4d465b11]" started-at="2023-04-28T21:09:03 EDT" name="beforeSuite" finished-at="2023-04-28T21:09:03 EDT" duration-ms="4" status="PASS">
          <reporter-output>
          </reporter-output>
        </test-method> <!-- beforeSuite -->
        <test-method signature="GameMobileGame()[pri:0, instance:test.basic4@4d465b11]" started-at="2023-04-28T21:09:03 EDT" name="GameMobileGame" finished-at="2023-04-28T21:09:03 EDT" duration-ms="1" status="PASS">
          <reporter-output>
          </reporter-output>
        </test-method> <!-- GameMobileGame -->
        <test-method signature="GameSoftwareGame()[pri:0, instance:test.basic4@4d465b11]" started-at="2023-04-28T21:09:03 EDT" name="GameSoftwareGame" finished-at="2023-04-28T21:09:03 EDT" duration-ms="1" status="PASS">
          <reporter-output>
          </reporter-output>
        </test-method> <!-- GameSoftwareGame -->
        <test-method signature="WebGame()[pri:0, instance:test.basic4@4d465b11]" started-at="2023-04-28T21:09:03 EDT" name="WebGame" finished-at="2023-04-28T21:09:03 EDT" duration-ms="1" status="PASS">
          <reporter-output>
          </reporter-output>
        </test-method> <!-- WebGame -->
      </class> <!-- test.basic4 -->
      <class name="test.basic3">
        <test-method is-config="true" signature="WebLogin()[pri:0, instance:test.basic3@272ed83b]" started-at="2023-04-28T21:09:04 EDT" name="WebLogin" finished-at="2023-04-28T21:09:04 EDT" duration-ms="0" status="PASS">
          <reporter-output>
          </reporter-output>
        </test-method> <!-- WebLogin -->
      </class> <!-- test.basic3 -->
    </test> <!-- Game -->
  </suite> <!-- Suite -->
</testng-results>
